{'update_id': 447376589, 'chat_id': 884741849, 'date': '2022-05-24 00:15:11', 'user_name': 'Xin Cheng Shen', 'text': '/stock trends SHOP'}
{'action': 'send_message', 'ok': True, 'message': '\n            Recommendations for SHOP -  2022-05-01:\n            Strong Buy: 17\n            Buy: 14\n            Hold: 19\n            Sell: 1\n            Strong Sell: 0\n        '}
{'update_id': 447376590, 'chat_id': 884741849, 'date': '2022-05-24 00:15:28', 'user_name': 'Xin Cheng Shen', 'text': '/stocks news SHOP'}
{'action': 'send_message', 'ok': True, 'message': 'Invalid command, use /help to see the list of commands'}
{'update_id': 447376591, 'chat_id': 884741849, 'date': '2022-05-24 00:15:38', 'user_name': 'Xin Cheng Shen', 'text': '/stock news SHOP'}
{'action': 'send_message', 'ok': True, 'message': "Here are the latest top news for SHOP:\n\nInteresting SHOP Put And Call Options For December 16th\nhttps://finnhub.io/api/news?id=467fc3a0818aeabf9367dee0944e6e5712f3fb8f65358437b169f47aeadc757f\n\nShopify price target lowered to $475 from $550 at Jefferies\nhttps://finnhub.io/api/news?id=40bae17561d027550e2214441d2f77d723055820ed7749c97a967aee164d4276\n\nThe 3 Best Ark Innovation Fund Stocks to Buy Now\nhttps://finnhub.io/api/news?id=7174cf45c5259ae2f17e44a3d26c85cd6c0be5c50b60410c2335f3e40879c3b7\n\nStock Market Plunge: 3 Beaten-Down Growth Stocks to Buy Now and Hold Forever\nhttps://finnhub.io/api/news?id=939bc8bb17f1c7b9d0d911d687a462593195d46109d492e702faa847c53a24ef\n\nMarket Plunge: 1 Stock-Split Stock to Buy Now and Hold Forever\nhttps://finnhub.io/api/news?id=e441eacd324da64ed6d976b0ddbef6abc2b8c1940a213a9f6d33d8db5bd7787f\n\nSome stocks that aren't as cheap as they look, Barron's says\nhttps://finnhub.io/api/news?id=035499700791c020ed4a3b085090f10b5d467742e40a012f66f60d40d6238bb7\n\nShopify’s Founder-Share Proposal Is Opposed by Glass Lewis\nhttps://finnhub.io/api/news?id=d436498d771ab3a0ec60cbb6087e71a302c73c57658f416956aaf11f6847a887\n\nCANADA STOCKS-Toronto market ends weekly losing streak as utilities climb\nhttps://finnhub.io/api/news?id=c0767840d86c194004959a3277226d09c7c52c4f9b9633f86458bc0bf761c1b3\n\n3 Reasons to Buy Shopify Now\nhttps://finnhub.io/api/news?id=40bda6d9a12734bf5925e7ff3f4ca71851b7990bfbea9e487bac7ea65eb3b74f\n\nWhy Shopify Gave Up Yesterday's Gains Today\nhttps://finnhub.io/api/news?id=53a626b2d0501837fd126bd237a5df82440330ba247e95777203f3aa9b15252c\n\n"}
{'update_id': 447376592, 'chat_id': 884741849, 'date': '2022-05-24 00:30:35', 'user_name': 'Xin Cheng Shen', 'text': '/weather current montreal'}
{'action': 'send_message', 'ok': True, 'message': 'aa'}
{'update_id': 447376596, 'chat_id': 884741849, 'date': '2022-05-24 00:33:58', 'user_name': 'Xin Cheng Shen', 'text': '/start'}
{'action': 'send_message', 'ok': True, 'message': 'Hello Xin Cheng Shen! Nice to meet you! You can use the /help command to find more about my features.'}
{'update_id': 447376597, 'chat_id': 884741849, 'date': '2022-05-24 00:34:02', 'user_name': 'Xin Cheng Shen', 'text': '/weather current montreal'}
{'action': 'send_message', 'ok': True, 'message': 'aa'}
{'update_id': 447376598, 'chat_id': 884741849, 'date': '2022-05-24 00:38:17', 'user_name': 'Xin Cheng Shen', 'text': '/weather current montreal'}
{'action': 'send_message', 'ok': True, 'message': '\n    Current weather in montreal:\n    Temperature: 9.0°C\n    Feels like: 9.1°C\n    Wind: 3.6km/h\n    Precipitation: 0.0mm\n    '}
{'update_id': 447376599, 'chat_id': 884741849, 'date': '2022-05-24 00:38:54', 'user_name': 'Xin Cheng Shen', 'text': '/weather current montreal'}
{'action': 'send_message', 'ok': True, 'message': '\n    Current weather in montreal:\n    Temperature: 9°C\n    Feels like: 9°C\n    Wind: 3.6km/h\n    Precipitation: 0mm\n    '}
{'update_id': 447376602, 'chat_id': 884741849, 'date': '2022-05-24 00:39:53', 'user_name': 'Xin Cheng Shen', 'text': '/weather current montreal'}
{'action': 'send_message', 'ok': True, 'message': '\n    Current weather in Montreal:\n    Temperature: 9°C\n    Feels like: 9°C\n    Wind: 3.6km/h\n    Precipitation: 0mm\n    '}
{'update_id': 447376603, 'chat_id': 884741849, 'date': '2022-05-24 09:27:46', 'user_name': 'Xin Cheng Shen', 'text': '/weather current montreal'}
{'action': 'send_message', 'ok': True, 'message': '\n    Current weather in Montreal:\n    Temperature: 14°C\n    Feels like: 13°C\n    Wind: 9.0km/h\n    Precipitation: 0mm\n    '}
{'update_id': 447376604, 'chat_id': 884741849, 'date': '2022-05-24 09:28:13', 'user_name': 'Xin Cheng Shen', 'text': '/help'}
{'action': 'send_message', 'ok': True, 'message': 'You can use the following commands: /greet, /help, /python, /cpp, /javascript'}
{'update_id': 447376605, 'chat_id': 884741849, 'date': '2022-05-24 11:40:14', 'user_name': 'Xin Cheng Shen', 'text': '/stocks quote SU.TO'}
{'action': 'send_message', 'ok': True, 'message': 'Invalid command, use /help to see the list of commands'}
{'update_id': 447376606, 'chat_id': 884741849, 'date': '2022-05-24 11:40:54', 'user_name': 'Xin Cheng Shen', 'text': '/stock quote SU.TO'}
{'action': 'get_stock_quote', 'error': "FinnhubAPIException(status_code: 403): You don't have access to this resource."}
{'action': 'send_message', 'ok': True, 'message': 'Something went wrong. Please try again later'}
{'update_id': 447376607, 'chat_id': 884741849, 'date': '2022-05-24 23:30:48', 'user_name': 'Xin Cheng Shen', 'text': '/weather current Toronto'}
{'action': 'send_message', 'ok': True, 'message': '\n    Current weather in Toronto:\n    Temperature: 13°C\n    Feels like: 13°C\n    Wind: 20.2km/h\n    Precipitation: 0mm\n    '}
{'update_id': 447376608, 'chat_id': 884741849, 'date': '2022-05-24 23:30:56', 'user_name': 'Xin Cheng Shen', 'text': '/weather current Beijing'}
{'action': 'send_message', 'ok': True, 'message': '\n    Current weather in Beijing:\n    Temperature: 28°C\n    Feels like: 26°C\n    Wind: 15.1km/h\n    Precipitation: 0mm\n    '}
{'update_id': 447376609, 'chat_id': 884741849, 'date': '2022-05-24 23:31:05', 'user_name': 'Xin Cheng Shen', 'text': '/weather current Shenyang'}
{'action': 'send_message', 'ok': True, 'message': '\n    Current weather in Shenyang:\n    Temperature: 17°C\n    Feels like: 17°C\n    Wind: 15.1km/h\n    Precipitation: 0mm\n    '}
{'update_id': 447376610, 'chat_id': 884741849, 'date': '2022-05-24 23:31:19', 'user_name': 'Xin Cheng Shen', 'text': '/weather current Pointe-Claire'}
{'action': 'send_message', 'ok': True, 'message': '\n    Current weather in Pointe-claire:\n    Temperature: 11°C\n    Feels like: 11°C\n    Wind: 3.6km/h\n    Precipitation: 0mm\n    '}
{'update_id': 447376611, 'chat_id': 884741849, 'date': '2022-05-24 23:31:28', 'user_name': 'Xin Cheng Shen', 'text': '/weather current Montreal'}
{'action': 'send_message', 'ok': True, 'message': '\n    Current weather in Montreal:\n    Temperature: 11°C\n    Feels like: 11°C\n    Wind: 3.6km/h\n    Precipitation: 0mm\n    '}
{'update_id': 447376612, 'chat_id': 884741849, 'date': '2022-05-24 23:31:41', 'user_name': 'Xin Cheng Shen', 'text': '/stock quote SU'}
{'action': 'send_message', 'ok': True, 'message': '\n        Here are the info for SU:\n        Current Price: $38.76\n        Change: $-0.66\n        Percent Change: -1.6743%\n        High: $39.12\n        Low: $38.315\n        Open: $38.83\n        Previous: $39.42\n        '}
{'update_id': 447376613, 'chat_id': 884741849, 'date': '2022-05-24 23:31:56', 'user_name': 'Xin Cheng Shen', 'text': '/stock trends SU'}
{'action': 'send_message', 'ok': True, 'message': '\n            Recommendations for SU -  2022-05-01:\n            Strong Buy: 5\n            Buy: 15\n            Hold: 9\n            Sell: 0\n            Strong Sell: 0\n        '}
{'update_id': 447376614, 'chat_id': 884741849, 'date': '2022-05-24 23:32:06', 'user_name': 'Xin Cheng Shen', 'text': '/stock news SU'}
{'action': 'send_message', 'ok': True, 'message': 'Here are the latest top news for SU:\n\nGLOBAL BROKER RATINGS: Barclays cuts Prosus; SocGen ups Kingfisher\nhttps://finnhub.io/api/news?id=fd600d3bea0a58d5e5af6fcf4135d4da9e97ab69bf07feb377b2e54ca1c76dbc\n\nSuncor Energy (SU) is a Great Momentum Stock: Should You Buy?\nhttps://finnhub.io/api/news?id=64ac88915e5a77359c49b73b84d8da3922655e7b3bb66dfab1a0da81b9fdcccf\n\nSuncor Energy Is A Great Momentum Stock: Should You Buy?\nhttps://finnhub.io/api/news?id=ee5c14c0796832f08c31ef63f74c017a7c4d910a66c95675b46f158c9a821dd6\n\nSuncor Energy Inc. stock rises Friday, outperforms market\nhttps://finnhub.io/api/news?id=6a51612b1f18cbd1c7fa54d282853059e97175a79567f924e22605a3d2c7c3ef\n\nSchneider Electric calls for a rethink of investment priorities to break the supply vs. demand deadlock and accelerate climate action at the WEF in Davos\nhttps://finnhub.io/api/news?id=9da0abb9e3ef1ed9bf8e14444f576b5f8d7dbd7ce3f4c14bd7c0cf673c7ed81f\n\nSuncor Energy Inc. stock falls Thursday, underperforms market\nhttps://finnhub.io/api/news?id=fde92346729434dd56561e25058e1c51383158b755b93e6e06536dc3b99c873a\n\nSuncor call volume above normal and directionally bullish\nhttps://finnhub.io/api/news?id=05268c204d615f040c3de92d5d7972c318d27328c18daafeabe45fe32479d3f6\n\nSuncor Energy Inc. stock falls Wednesday, still outperforms market\nhttps://finnhub.io/api/news?id=c8473ad800197477dff320936403de7c7c0c691061cebd2efe4a3b79f794b8d3\n\nUpcoming Dividend Run For SU?\nhttps://finnhub.io/api/news?id=80093dd225cda07b791ec3ea8c0a90c01939cf96a67df80ded011721f7e6c96c\n\nSuncor Energy Inc. stock rises Tuesday, outperforms market\nhttps://finnhub.io/api/news?id=84424de7c4cdd28136d641aefc6fcdae633426e146a23c6c990ece3194c58e56\n\n'}
{'update_id': 447376615, 'chat_id': 884741849, 'date': '2022-05-24 23:32:44', 'user_name': 'Xin Cheng Shen', 'text': '/python console.log(“aa")'}
{'update_id': 447376616, 'chat_id': 884741849, 'date': '2022-05-24 23:33:38', 'user_name': 'Xin Cheng Shen', 'text': '/python console.log(“aa")'}
{'update_id': 447376617, 'chat_id': 884741849, 'date': '2022-05-24 23:33:48', 'user_name': 'Xin Cheng Shen', 'text': '/javascript print(“aa”)'}
{'action': 'send_message', 'ok': True, 'message': 'SyntaxError: Invalid or unexpected token'}
{'update_id': 447376618, 'chat_id': 884741849, 'date': '2022-05-24 23:36:02', 'user_name': 'Xin Cheng Shen', 'text': '/calc 1+1'}
{'action': 'send_message', 'ok': True, 'message': 2}
{'update_id': 447376619, 'chat_id': 884741849, 'date': '2022-05-24 23:36:09', 'user_name': 'Xin Cheng Shen', 'text': '/calc sqrt(5)'}
{'action': 'send_message', 'ok': True, 'message': 2.23606797749979}
{'update_id': 447376620, 'chat_id': 884741849, 'date': '2022-05-24 23:36:17', 'user_name': 'Xin Cheng Shen', 'text': '/calc pow(5, 2)'}
{'action': 'send_message', 'ok': True, 'message': 25.0}
{'update_id': 447376621, 'chat_id': 884741849, 'date': '2022-05-24 23:36:30', 'user_name': 'Xin Cheng Shen', 'text': '/calc  9/2'}
{'action': 'send_message', 'ok': True, 'message': 4.5}
{'update_id': 447376622, 'chat_id': 884741849, 'date': '2022-05-24 23:36:38', 'user_name': 'Xin Cheng Shen', 'text': '/calc cos(60)'}
{'action': 'send_message', 'ok': True, 'message': -0.9524129804151563}
{'update_id': 447376623, 'chat_id': 884741849, 'date': '2022-05-24 23:36:45', 'user_name': 'Xin Cheng Shen', 'text': '/calc cos(pi/2)'}
{'action': 'send_message', 'ok': True, 'message': 6.123233995736766e-17}
{'update_id': 447376624, 'chat_id': 884741849, 'date': '2022-05-24 23:37:00', 'user_name': 'Xin Cheng Shen', 'text': '/calc cos(0)'}
{'action': 'send_message', 'ok': True, 'message': 1.0}
{'update_id': 447376625, 'chat_id': 884741849, 'date': '2022-05-24 23:37:27', 'user_name': 'Xin Cheng Shen', 'text': '/stock quote SHOP'}
{'action': 'send_message', 'ok': True, 'message': '\n        Here are the info for SHOP:\n        Current Price: $324.84\n        Change: $-43.65\n        Percent Change: -11.8456%\n        High: $356.41\n        Low: $319.0001\n        Open: $356.41\n        Previous: $368.49\n        '}
{'update_id': 447376626, 'chat_id': 884741849, 'date': '2022-05-24 23:37:39', 'user_name': 'Xin Cheng Shen', 'text': '/stock quote shop.to'}
{'action': 'get_stock_quote', 'error': "FinnhubAPIException(status_code: 403): You don't have access to this resource."}
{'action': 'send_message', 'ok': True, 'message': 'Something went wrong. Please try again later'}
{'update_id': 447376627, 'chat_id': 884741849, 'date': '2022-05-24 23:37:50', 'user_name': 'Xin Cheng Shen', 'text': '/stock news shop'}
{'action': 'send_message', 'ok': True, 'message': "Here are the latest top news for SHOP:\n\nWhy Shopify Stock Was Tumbling Again Today\nhttps://finnhub.io/api/news?id=306074256f804f269f4c77d9e97ace1e49de49d596744d30a1d696b43b3153ed\n\nDown 87%, This Growth Stock Might Be Ready for a Comeback\nhttps://finnhub.io/api/news?id=26ff540761d7ec6d0822522e913c3cd2383ec1e5b9c6531d471eb28df8fae163\n\n2 Stock Split Growth Stocks to Buy Now\nhttps://finnhub.io/api/news?id=61992ea6366bff0fdfd272d16c9c43219bdb59428af490d8b28e4d05cae3e42e\n\nThis Stock Is Down by 74% This Year -- Here's Why I Am Not Worried\nhttps://finnhub.io/api/news?id=c3846d0453e70f1daf3a0fef00a84a73cd6ba147838dda17ade1dd009513a910\n\nFormer White House press secretary Jen Psaki will join MSNBC this fall\nhttps://finnhub.io/api/news?id=8a2d22fdcc65443ec3cea6a4fc8a5fc750c6a987390872a15893e8f77576dfde\n\nInteresting SHOP Put And Call Options For December 16th\nhttps://finnhub.io/api/news?id=467fc3a0818aeabf9367dee0944e6e5712f3fb8f65358437b169f47aeadc757f\n\nShopify price target lowered to $475 from $550 at Jefferies\nhttps://finnhub.io/api/news?id=40bae17561d027550e2214441d2f77d723055820ed7749c97a967aee164d4276\n\nThe 3 Best Ark Innovation Fund Stocks to Buy Now\nhttps://finnhub.io/api/news?id=7174cf45c5259ae2f17e44a3d26c85cd6c0be5c50b60410c2335f3e40879c3b7\n\nStock Market Plunge: 3 Beaten-Down Growth Stocks to Buy Now and Hold Forever\nhttps://finnhub.io/api/news?id=939bc8bb17f1c7b9d0d911d687a462593195d46109d492e702faa847c53a24ef\n\nMarket Plunge: 1 Stock-Split Stock to Buy Now and Hold Forever\nhttps://finnhub.io/api/news?id=e441eacd324da64ed6d976b0ddbef6abc2b8c1940a213a9f6d33d8db5bd7787f\n\n"}
