{'update_id': 447376474, 'chat_id': 884741849, 'date': datetime.datetime(2022, 5, 23, 14, 49, 27), 'user_name': 'Xin Cheng Shen', 'text': '/greet'}
{'action': 'send_message', 'ok': True, 'message': 'Hello Xin Cheng Shen! Nice to meet you!'}
{'update_id': 447376475, 'chat_id': 884741849, 'date': '2022-05-23 14:50:03', 'user_name': 'Xin Cheng Shen', 'text': '/start'}
{'action': 'send_message', 'ok': True, 'message': 'Hello Xin Cheng Shen! Nice to meet you! You can use the /help command to find more about my features.'}
{'update_id': 447376476, 'chat_id': 884741849, 'date': '2022-05-23 14:50:17', 'user_name': 'Xin Cheng Shen', 'text': '/python def fib(n):\n    a, b = 0, 1\n    for i in range(n):\n        a, b = b, a + b\n    return a\n\nprint(fib(4))\nprint(fib(10))'}
{'action': 'send_message', 'ok': True, 'message': '3\n55\n'}
{'update_id': 447376477, 'chat_id': 884741849, 'date': '2022-05-23 14:52:08', 'user_name': 'Xin Cheng Shen', 'text': "j'\\"}
{'action': 'send_message', 'ok': True, 'message': 'Invalid command, use /help to see the list of commands'}
{'update_id': 447376478, 'chat_id': 884741849, 'date': '2022-05-23 14:57:00', 'user_name': 'Xin Cheng Shen', 'text': '/python def fib(n):\n    a, b = 0, 1\n    for i in range(n):\n        a, b = b, a + b\n    return a\n\nprint(fib(4))\nprint(fib(10))'}
{'action': 'send_message', 'ok': True, 'message': '3\n55\n'}
{'update_id': 447376479, 'chat_id': 884741849, 'date': '2022-05-23 14:58:02', 'user_name': 'Xin Cheng Shen', 'text': '/javascript console.log(1+1)'}
{'action': 'send_message', 'ok': True, 'message': '2\n'}
{'update_id': 447376480, 'chat_id': 884741849, 'date': '2022-05-23 14:58:34', 'user_name': 'Xin Cheng Shen', 'text': '/javascript'}
{'action': 'send_message', 'ok': False, 'message': ''}
{'update_id': 447376481, 'chat_id': 884741849, 'date': '2022-05-23 14:59:10', 'user_name': 'Xin Cheng Shen', 'text': '/javascript n=1; a=2; console.log(a * a + n);'}
{'action': 'send_message', 'ok': True, 'message': '5\n'}
{'update_id': 447376482, 'chat_id': 884741849, 'date': '2022-05-23 14:59:30', 'user_name': 'Xin Cheng Shen', 'text': '/javascript console.log([1, 2, 3][4])'}
{'action': 'send_message', 'ok': True, 'message': 'undefined\n'}
{'update_id': 447376483, 'chat_id': 884741849, 'date': '2022-05-23 14:59:55', 'user_name': 'Xin Cheng Shen', 'text': '/javascript a={}; console.log(a.a.a)'}
{'action': 'send_message', 'ok': True, 'message': '    at node:internal/main/run_main_module:17:47'}
{'update_id': 447376484, 'chat_id': 884741849, 'date': '2022-05-23 15:00:50', 'user_name': 'Xin Cheng Shen', 'text': '/python def fib(n):\n    a, b = 0, 1\n    for i in range(n):\n        a, b = b, a + b\n    return a\n\nprint(fib({}))\nprint(fib(10))'}
{'action': 'send_message', 'ok': True, 'message': "TypeError: 'dict' object cannot be interpreted as an integer"}
{'update_id': 447376485, 'chat_id': 884741849, 'date': '2022-05-23 15:02:30', 'user_name': 'Xin Cheng Shen', 'text': '/python def fib(n):\n    a, b = 0, 1\n    for i in range(n):\n        a, b = b, a + b\n    return a\n\nprint(fib(4))\nprint(fib(10))'}
{'action': 'send_message', 'ok': True, 'message': '3\n55\n'}
{'update_id': 447376486, 'chat_id': 884741849, 'date': '2022-05-23 15:02:37', 'user_name': 'Xin Cheng Shen', 'text': '/python def fib(n):\n    a, b = 0, 1\n    for i in range(n):\n        a, b = b, a + b\n    return a\n\nprint(fib({}))\nprint(fib(10))'}
{'action': 'send_message', 'ok': True, 'message': "TypeError: 'dict' object cannot be interpreted as an integer"}
{'update_id': 447376487, 'chat_id': 884741849, 'date': '2022-05-23 15:02:46', 'user_name': 'Xin Cheng Shen', 'text': '/javascript a={}; console.log(a.a.a)'}
{'action': 'send_message', 'ok': True, 'message': "TypeError: Cannot read properties of undefined (reading 'a')"}
{'update_id': 447376488, 'chat_id': 884741849, 'date': '2022-05-23 15:32:58', 'user_name': 'Xin Cheng Shen', 'text': '/c++ #include <cmath>\n#include <iostream>\n\nusing namespace std;\n\nconst int DIVISOR_GOAL = 500;\n\nint countDivisors(int n) {\n    int count = 0;\n    for (int i = 1; i <= sqrt(n); i++) {\n        if (n % i == 0) {\n            if (i == n / i) {\n                count += 1;\n            } else {\n                count += 2;\n            }\n        }\n    }\n    return count;\n}\n\nint main() {\n    int t = 1;\n    int c = 2;\n    while (true) {\n        int divisorCount = countDivisors(t);\n        if (divisorCount > DIVISOR_GOAL) {\n            cout << t << endl;\n            return 0;\n        }\n        t += c;\n        c += 1;\n    }\n}'}
{'action': 'send_message', 'ok': True, 'message': 'Unknown error'}
{'update_id': 447376489, 'chat_id': 884741849, 'date': '2022-05-23 15:50:37', 'user_name': 'Xin Cheng Shen', 'text': '/javascript a={}; console.log(a.a.a)'}
{'action': 'send_message', 'ok': True, 'message': "TypeError: Cannot read properties of undefined (reading 'a')"}
{'update_id': 447376490, 'chat_id': 884741849, 'date': '2022-05-23 15:50:49', 'user_name': 'Xin Cheng Shen', 'text': '/c++ #include <cmath>\n#include <iostream>\n\nusing namespace std;\n\nconst int DIVISOR_GOAL = 500;\n\nint countDivisors(int n) {\n    int count = 0;\n    for (int i = 1; i <= sqrt(n); i++) {\n        if (n % i == 0) {\n            if (i == n / i) {\n                count += 1;\n            } else {\n                count += 2;\n            }\n        }\n    }\n    return count;\n}\n\nint main() {\n    int t = 1;\n    int c = 2;\n    while (true) {\n        int divisorCount = countDivisors(t);\n        if (divisorCount > DIVISOR_GOAL) {\n            cout << t << endl;\n            return 0;\n        }\n        t += c;\n        c += 1;\n    }\n}'}
{'action': 'send_message', 'ok': True, 'message': 'Unknown error'}
{'update_id': 447376491, 'chat_id': 884741849, 'date': '2022-05-23 15:53:04', 'user_name': 'Xin Cheng Shen', 'text': '/c++ #include <cmath>\n#include <iostream>\n\nusing namespace std;\n\nconst int DIVISOR_GOAL = 500;\n\nint countDivisors(int n) {\n    int count = 0;\n    for (int i = 1; i <= sqrt(n); i++) {\n        if (n % i == 0) {\n            if (i == n / i) {\n                count += 1;\n            } else {\n                count += 2;\n            }\n        }\n    }\n    return count;\n}\n\nint main() {\n    int t = 1;\n    int c = 2;\n    while (true) {\n        int divisorCount = countDivisors(t);\n        if (divisorCount > DIVISOR_GOAL) {\n            cout << t << endl;\n            return 0;\n        }\n        t += c;\n        c += 1;\n    }\n}'}
{'update_id': 447376492, 'chat_id': 884741849, 'date': '2022-05-23 15:55:02', 'user_name': 'Xin Cheng Shen', 'text': '/c++ #include <cmath>\n#include <iostream>\n\nusing namespace std;\n\nconst int DIVISOR_GOAL = 500;\n\nint countDivisors(int n) {\n    int count = 0;\n    for (int i = 1; i <= sqrt(n); i++) {\n        if (n % i == 0) {\n            if (i == n / i) {\n                count += 1;\n            } else {\n                count += 2;\n            }\n        }\n    }\n    return count;\n}\n\nint main() {\n    int t = 1;\n    int c = 2;\n    while (true) {\n        int divisorCount = countDivisors(t);\n        if (divisorCount > DIVISOR_GOAL) {\n            cout << t << endl;\n            return 0;\n        }\n        t += c;\n        c += 1;\n    }\n}'}
{'update_id': 447376493, 'chat_id': 884741849, 'date': '2022-05-23 15:55:19', 'user_name': 'Xin Cheng Shen', 'text': '/python def fib(n):\n    a, b = 0, 1\n    for i in range(n):\n        a, b = b, a + b\n    return a\n\nprint(fib(4))\nprint(fib(10))'}
{'action': 'send_message', 'ok': True, 'message': '3\n55\n'}
{'update_id': 447376494, 'chat_id': 884741849, 'date': '2022-05-23 15:55:53', 'user_name': 'Xin Cheng Shen', 'text': '/c++ #include <cmath>\n#include <iostream>\n\nusing namespace std;\n\nconst int DIVISOR_GOAL = 500;\n\nint countDivisors(int n) {\n    int count = 0;\n    for (int i = 1; i <= sqrt(n); i++) {\n        if (n % i == 0) {\n            if (i == n / i) {\n                count += 1;\n            } else {\n                count += 2;\n            }\n        }\n    }\n    return count;\n}\n\nint main() {\n    int t = 1;\n    int c = 2;\n    while (true) {\n        int divisorCount = countDivisors(t);\n        if (divisorCount > DIVISOR_GOAL) {\n            cout << t << endl;\n            return 0;\n        }\n        t += c;\n        c += 1;\n    }\n}'}
{'update_id': 447376495, 'chat_id': 884741849, 'date': '2022-05-23 15:56:36', 'user_name': 'Xin Cheng Shen', 'text': '/c++ #include <cmath>\n#include <iostream>\n\nusing namespace std;\n\nconst int DIVISOR_GOAL = 500;\n\nint countDivisors(int n) {\n    int count = 0;\n    for (int i = 1; i <= sqrt(n); i++) {\n        if (n % i == 0) {\n            if (i == n / i) {\n                count += 1;\n            } else {\n                count += 2;\n            }\n        }\n    }\n    return count;\n}\n\nint main() {\n    int t = 1;\n    int c = 2;\n    while (true) {\n        int divisorCount = countDivisors(t);\n        if (divisorCount > DIVISOR_GOAL) {\n            cout << t << endl;\n            return 0;\n        }\n        t += c;\n        c += 1;\n    }\n}'}
{'update_id': 447376496, 'chat_id': 884741849, 'date': '2022-05-23 15:57:50', 'user_name': 'Xin Cheng Shen', 'text': '/c++ #include <cmath>\n#include <iostream>\n\nusing namespace std;\n\nconst int DIVISOR_GOAL = 500;\n\nint countDivisors(int n) {\n    int count = 0;\n    for (int i = 1; i <= sqrt(n); i++) {\n        if (n % i == 0) {\n            if (i == n / i) {\n                count += 1;\n            } else {\n                count += 2;\n            }\n        }\n    }\n    return count;\n}\n\nint main() {\n    int t = 1;\n    int c = 2;\n    while (true) {\n        int divisorCount = countDivisors(t);\n        if (divisorCount > DIVISOR_GOAL) {\n            cout << t << endl;\n            return 0;\n        }\n        t += c;\n        c += 1;\n    }\n}'}
{'action': 'send_message', 'ok': True, 'message': '76576500\n'}
{'update_id': 447376497, 'chat_id': 884741849, 'date': '2022-05-23 16:02:28', 'user_name': 'Xin Cheng Shen', 'text': '/c++ #include <cmath>\n#include <iostream>\n\nusing namespace std;\n\nconst int DIVISOR_GOAL = 500;\n\nint countDivisors(int n) {\n    int count = 0;\n    for (int i = 1; i <= sqrt(n); i++) {\n        if (n % i == 0) {\n            if (i == n / i) {\n                count += 1;\n            } else {\n                count += 2;\n            }\n        }\n    }\n    return count;\n}\n\nint main() {\n    int t = 1;\n    int c = 2;\n    while (true) {\n        int divisorCount = countDivisors(t);\n        if (divisorCount > DIVISOR_GOAL) {\n            cout << t << endl;\n            return 0;\n        }\n        t += c;\n        c += 1;\n    }\n}'}
{'update_id': 447376498, 'chat_id': 884741849, 'date': '2022-05-23 16:03:03', 'user_name': 'Xin Cheng Shen', 'text': '/c++ #include <cmath>\n#include <iostream>\n\nusing namespace std;\n\nconst int DIVISOR_GOAL = 500;\n\nint countDivisors(int n) {\n    int count = 0;\n    for (int i = 1; i <= sqrt(n); i++) {\n        if (n % i == 0) {\n            if (i == n / i) {\n                count += 1;\n            } else {\n                count += 2;\n            }\n        }\n    }\n    return count;\n}\n\nint main() {\n    int t = 1;\n    int c = 2;\n    while (true) {\n        int divisorCount = countDivisors(t);\n        if (divisorCount > DIVISOR_GOAL) {\n            cout << t << endl;\n            return 0;\n        }\n        t += c;\n        c += 1;\n    }\n}'}
{'action': 'send_message', 'ok': True, 'message': '76576500\n'}
{'update_id': 447376499, 'chat_id': 884741849, 'date': '2022-05-23 16:03:17', 'user_name': 'Xin Cheng Shen', 'text': '/python def fib(n):\n    a, b = 0, 1\n    for i in range(n):\n        a, b = b, a + b\n    return a\n\nprint(fib(4))\nprint(fib(10))'}
{'action': 'send_message', 'ok': True, 'message': '3\n55\n'}
{'update_id': 447376500, 'chat_id': 1222044400, 'date': '2022-05-23 16:21:17', 'user_name': 'Bi Cheng Zhao', 'text': '/python a = 2'}
{'action': 'send_message', 'ok': False, 'message': ''}
{'update_id': 447376501, 'chat_id': 1222044400, 'date': '2022-05-23 16:21:36', 'user_name': 'Bi Cheng Zhao', 'text': '/python print(2)'}
{'action': 'send_message', 'ok': True, 'message': '2\n'}
{'update_id': 447376502, 'chat_id': 1222044400, 'date': '2022-05-23 16:22:18', 'user_name': 'Bi Cheng Zhao', 'text': '/python a=“xin cheng”\nprint(a)'}
{'action': 'send_message', 'ok': True, 'message': 'SyntaxError: invalid character in identifier'}
{'update_id': 447376503, 'chat_id': 1222044400, 'date': '2022-05-23 16:22:37', 'user_name': 'Bi Cheng Zhao', 'text': '/python a=“xin cheng”\nprint(a)'}
{'action': 'send_message', 'ok': True, 'message': 'SyntaxError: invalid character in identifier'}
{'update_id': 447376504, 'chat_id': 1222044400, 'date': '2022-05-23 16:23:32', 'user_name': 'Bi Cheng Zhao', 'text': '/python a=1\nprint(a)'}
{'action': 'send_message', 'ok': True, 'message': '1\n'}
{'update_id': 447376505, 'chat_id': 1222044400, 'date': '2022-05-23 16:23:48', 'user_name': 'Bi Cheng Zhao', 'text': '/python a=”xin cheng”\nprint(a)'}
{'action': 'send_message', 'ok': True, 'message': 'SyntaxError: invalid character in identifier'}
{'update_id': 447376506, 'chat_id': 1222044400, 'date': '2022-05-23 16:24:57', 'user_name': 'Bi Cheng Zhao', 'text': '/c++ #include <cmath>\n#include <iostream>\n\nusing namespace std;\n\nconst int DIVISOR_GOAL = 500;\n\nint countDivisors(int n) {\n    int count = 0;\n    for (int i = 1; i <= sqrt(n); i++) {\n        if (n % i == 0) {\n            if (i == n / i) {\n                count += 1;\n            } else {\n                count += 2;\n            }\n        }\n    }\n    return count;\n}\n\nint main() {\n    int t = 1;\n    int c = 2;\n    while (true) {\n        int divisorCount = countDivisors(t);\n        if (divisorCount > DIVISOR_GOAL) {\n            cout << t << endl;\n            return 0;\n        }\n        t += c;\n        c += 1;\n    }\n}'}
{'action': 'send_message', 'ok': True, 'message': '76576500\n'}
{'update_id': 447376507, 'chat_id': 884741849, 'date': '2022-05-23 16:25:18', 'user_name': 'Xin Cheng Shen', 'text': '/python print("xincheng")'}
{'action': 'send_message', 'ok': True, 'message': 'xincheng\n'}
{'update_id': 447376508, 'chat_id': 884741849, 'date': '2022-05-23 16:26:03', 'user_name': 'Xin Cheng Shen', 'text': '/python a=1'}
{'action': 'send_message', 'ok': True, 'message': 'No output'}
{'update_id': 447376509, 'chat_id': 884741849, 'date': '2022-05-23 16:27:19', 'user_name': 'Xin Cheng Shen', 'text': '/help'}
{'action': 'send_message', 'ok': True, 'message': 'You can use the following commands: /greet, /help, /python, /c++, /javascript'}
{'update_id': 447376510, 'chat_id': 884741849, 'date': '2022-05-23 16:27:37', 'user_name': 'Xin Cheng Shen', 'text': '/python'}
{'action': 'send_message', 'ok': True, 'message': 'No output'}
{'update_id': 447376511, 'chat_id': 1900513960, 'date': '2022-05-23 19:08:51', 'user_name': 'Kevin Piwa Shen', 'text': '/javascript console.log("kevin is a piwa")'}
{'action': 'send_message', 'ok': True, 'message': 'kevin is a piwa\n'}
{'update_id': 447376512, 'chat_id': 1900513960, 'date': '2022-05-23 19:09:03', 'user_name': 'Kevin Piwa Shen', 'text': '/greet'}
{'action': 'send_message', 'ok': True, 'message': 'Hello Kevin Piwa Shen! Nice to meet you!'}
{'update_id': 447376513, 'chat_id': 1900513960, 'date': '2022-05-23 19:09:15', 'user_name': 'Kevin Piwa Shen', 'text': '/python print("kevin is a big piwa")'}
{'action': 'send_message', 'ok': True, 'message': 'kevin is a big piwa\n'}
{'update_id': 447376514, 'chat_id': 1900513960, 'date': '2022-05-23 22:04:30', 'user_name': 'Kevin Piwa Shen', 'text': '/stop'}
{'action': 'send_message', 'ok': True, 'message': 'Invalid command, use /help to see the list of commands'}
{'update_id': 447376515, 'chat_id': 1900513960, 'date': '2022-05-23 22:04:40', 'user_name': 'Kevin Piwa Shen', 'text': '/start'}
{'action': 'send_message', 'ok': True, 'message': 'Hello Kevin Piwa Shen! Nice to meet you! You can use the /help command to find more about my features.'}
{'update_id': 447376516, 'chat_id': 1900513960, 'date': '2022-05-23 22:05:01', 'user_name': 'Kevin Piwa Shen', 'text': '/javascript console.log("Kevin is a piwa")'}
{'action': 'send_message', 'ok': True, 'message': 'Kevin is a piwa\n'}
{'update_id': 447376518, 'chat_id': 1900513960, 'date': '2022-05-23 22:06:17', 'user_name': 'Kevin Piwa Shen', 'text': '/python print("Piwa is Kevin")'}
{'action': 'send_message', 'ok': True, 'message': 'Piwa is Kevin\n'}
{'update_id': 447376519, 'chat_id': 1900513960, 'date': '2022-05-23 22:06:39', 'user_name': 'Kevin Piwa Shen', 'text': '/javascript console.log("Kevin is Piwa")'}
{'action': 'send_message', 'ok': True, 'message': 'Kevin is Piwa\n'}
{'update_id': 447376520, 'chat_id': 1900513960, 'date': '2022-05-23 22:06:48', 'user_name': 'Kevin Piwa Shen', 'text': '/greet'}
{'action': 'send_message', 'ok': True, 'message': 'Hello Kevin Piwa Shen! Nice to meet you!'}
{'update_id': 447376521, 'chat_id': 1900513960, 'date': '2022-05-23 22:07:05', 'user_name': 'Kevin Piwa Shen', 'text': '/start'}
{'action': 'send_message', 'ok': True, 'message': 'Hello Kevin Piwa Shen! Nice to meet you! You can use the /help command to find more about my features.'}
{'update_id': 447376522, 'chat_id': 1900513960, 'date': '2022-05-23 22:07:29', 'user_name': 'Kevin Piwa Shen', 'text': '/javascript console.log("Kevin is a big Piwa")'}
{'action': 'send_message', 'ok': True, 'message': 'Kevin is a big Piwa\n'}
{'update_id': 447376523, 'chat_id': 1900513960, 'date': '2022-05-23 22:08:04', 'user_name': 'Kevin Piwa Shen', 'text': '/python print(1+1 "Kevin is a piwa")'}
{'action': 'send_message', 'ok': True, 'message': 'SyntaxError: invalid syntax'}
{'update_id': 447376525, 'chat_id': 1900513960, 'date': '2022-05-23 22:08:21', 'user_name': 'Kevin Piwa Shen', 'text': '/python print("Kevin is a piwa")'}
{'action': 'send_message', 'ok': True, 'message': 'Kevin is a piwa\n'}
{'update_id': 447376526, 'chat_id': 1900513960, 'date': '2022-05-23 22:08:37', 'user_name': 'Kevin Piwa Shen', 'text': '/python print(1+1)'}
{'action': 'send_message', 'ok': True, 'message': '2\n'}
{'update_id': 447376527, 'chat_id': 1900513960, 'date': '2022-05-23 22:08:45', 'user_name': 'Kevin Piwa Shen', 'text': '/greet'}
{'action': 'send_message', 'ok': True, 'message': 'Hello Kevin Piwa Shen! Nice to meet you!'}
{'update_id': 447376528, 'chat_id': 1900513960, 'date': '2022-05-23 22:08:51', 'user_name': 'Kevin Piwa Shen', 'text': '/help'}
{'action': 'send_message', 'ok': True, 'message': 'You can use the following commands: /greet, /help, /python, /c++, /javascript'}
{'update_id': 447376529, 'chat_id': 1900513960, 'date': '2022-05-23 22:08:59', 'user_name': 'Kevin Piwa Shen', 'text': '/c++'}
{'action': 'send_message', 'ok': True, 'message': 'Unknown error'}
{'update_id': 447376530, 'chat_id': 1900513960, 'date': '2022-05-23 22:09:03', 'user_name': 'Kevin Piwa Shen', 'text': '/javascript'}
{'action': 'send_message', 'ok': True, 'message': 'No output'}
{'update_id': 447376531, 'chat_id': 1900513960, 'date': '2022-05-23 22:09:07', 'user_name': 'Kevin Piwa Shen', 'text': '/python'}
{'action': 'send_message', 'ok': True, 'message': 'No output'}
{'update_id': 447376532, 'chat_id': 1900513960, 'date': '2022-05-23 22:09:09', 'user_name': 'Kevin Piwa Shen', 'text': '/help'}
{'action': 'send_message', 'ok': True, 'message': 'You can use the following commands: /greet, /help, /python, /c++, /javascript'}
{'update_id': 447376533, 'chat_id': 1900513960, 'date': '2022-05-23 22:09:12', 'user_name': 'Kevin Piwa Shen', 'text': '/greet'}
{'action': 'send_message', 'ok': True, 'message': 'Hello Kevin Piwa Shen! Nice to meet you!'}
{'update_id': 447376534, 'chat_id': 884741849, 'date': '2022-05-23 22:30:03', 'user_name': 'Xin Cheng Shen', 'text': '/calc 1+1'}
{'action': 'send_message', 'ok': True, 'message': 2}
{'update_id': 447376535, 'chat_id': 884741849, 'date': '2022-05-23 22:30:25', 'user_name': 'Xin Cheng Shen', 'text': '/calc 4 * (1 + 2)'}
{'action': 'send_message', 'ok': True, 'message': 12}
{'update_id': 447376536, 'chat_id': 884741849, 'date': '2022-05-23 22:31:45', 'user_name': 'Xin Cheng Shen', 'text': '/calc 2 ** 3'}
{'action': 'send_message', 'ok': True, 'message': 8}
{'update_id': 447376537, 'chat_id': 884741849, 'date': '2022-05-23 22:31:57', 'user_name': 'Xin Cheng Shen', 'text': '/calc sqrt(4)'}
{'update_id': 447376538, 'chat_id': 884741849, 'date': '2022-05-23 22:32:51', 'user_name': 'Xin Cheng Shen', 'text': '/calc sqrt(9)'}
{'action': 'send_message', 'ok': True, 'message': 3.0}
{'update_id': 447376539, 'chat_id': 884741849, 'date': '2022-05-23 22:34:10', 'user_name': 'Xin Cheng Shen', 'text': '/calc ljfaldkfj'}
{'action': 'send_message', 'ok': True, 'message': "Invalid equation: name 'ljfaldkfj' is not defined"}
{'update_id': 447376540, 'chat_id': 884741849, 'date': '2022-05-23 22:34:19', 'user_name': 'Xin Cheng Shen', 'text': '/calc 1++1'}
{'action': 'send_message', 'ok': True, 'message': 2}
{'update_id': 447376541, 'chat_id': 884741849, 'date': '2022-05-23 22:34:26', 'user_name': 'Xin Cheng Shen', 'text': '/calc 1+++++1'}
{'action': 'send_message', 'ok': True, 'message': 2}
{'update_id': 447376542, 'chat_id': 884741849, 'date': '2022-05-23 22:34:32', 'user_name': 'Xin Cheng Shen', 'text': '/calc {} + 1'}
{'action': 'send_message', 'ok': True, 'message': "Invalid equation: unsupported operand type(s) for +: 'dict' and 'int'"}
{'update_id': 447376543, 'chat_id': 884741849, 'date': '2022-05-23 22:38:07', 'user_name': 'Xin Cheng Shen', 'text': '/a'}
{'action': 'send_message', 'ok': True, 'message': 'Invalid command, use /help to see the list of commands'}
{'update_id': 447376544, 'chat_id': 884741849, 'date': '2022-05-23 22:38:11', 'user_name': 'Xin Cheng Shen', 'text': '/help'}
{'action': 'send_message', 'ok': True, 'message': 'You can use the following commands: /greet, /help, /python, /cpp, /javascript'}
{'update_id': 447376545, 'chat_id': 884741849, 'date': '2022-05-23 22:38:44', 'user_name': 'Xin Cheng Shen', 'text': '/python'}
{'update_id': 447376546, 'chat_id': 884741849, 'date': '2022-05-23 22:38:50', 'user_name': 'Xin Cheng Shen', 'text': '/python'}
{'action': 'send_message', 'ok': True, 'message': 'No output, make to sure to include some code and print statements to see actual output.'}
{'update_id': 447376547, 'chat_id': 884741849, 'date': '2022-05-23 22:38:56', 'user_name': 'Xin Cheng Shen', 'text': '/cpp'}
{'action': 'send_message', 'ok': True, 'message': 'Unknown error'}
{'update_id': 447376548, 'chat_id': 884741849, 'date': '2022-05-23 22:39:42', 'user_name': 'Xin Cheng Shen', 'text': '/cpp'}
{'action': 'send_message', 'ok': True, 'message': 'Undefined symbols for architecture x86_64:\n  "_main", referenced from:\n     implicit entry/start for main executable\nld: symbol(s) not found for architecture x86_64\nclang: error: linker command failed with exit code 1 (use -v to see invocation)\n'}
{'update_id': 447376549, 'chat_id': 884741849, 'date': '2022-05-23 22:39:52', 'user_name': 'Xin Cheng Shen', 'text': '/cpp int a()'}
{'action': 'send_message', 'ok': True, 'message': './code/code.cpp:1:8: error: expected function body after function declarator\nint a()\n       ^\n1 error generated.\n'}
{'update_id': 447376550, 'chat_id': 884741849, 'date': '2022-05-23 22:40:11', 'user_name': 'Xin Cheng Shen', 'text': '/cpp void a();'}
{'action': 'send_message', 'ok': True, 'message': 'Undefined symbols for architecture x86_64:\n  "_main", referenced from:\n     implicit entry/start for main executable\nld: symbol(s) not found for architecture x86_64\nclang: error: linker command failed with exit code 1 (use -v to see invocation)\n'}
{'update_id': 447376551, 'chat_id': 884741849, 'date': '2022-05-23 22:40:22', 'user_name': 'Xin Cheng Shen', 'text': '/cpp int main() {}'}
{'action': 'send_message', 'ok': True, 'message': 'No output, make to sure to include some code and print statements to see actual output.'}
{'update_id': 447376552, 'chat_id': 884741849, 'date': '2022-05-23 22:40:40', 'user_name': 'Xin Cheng Shen', 'text': '/cpp int main() {cout << "a" << endl; }'}
{'action': 'send_message', 'ok': True, 'message': './code/code.cpp:1:13: error: use of undeclared identifier \'cout\'\nint main() {cout << "a" << endl; }\n            ^\n./code/code.cpp:1:28: error: use of undeclared identifier \'endl\'\nint main() {cout << "a" << endl; }\n                           ^\n2 errors generated.\n'}
{'update_id': 447376553, 'chat_id': 884741849, 'date': '2022-05-23 23:31:16', 'user_name': 'Xin Cheng Shen', 'text': '/javascript console.log(1);'}
{'update_id': 447376554, 'chat_id': 884741849, 'date': '2022-05-23 23:32:07', 'user_name': 'Xin Cheng Shen', 'text': '/javascript console.log(1);'}
{'update_id': 447376555, 'chat_id': 884741849, 'date': '2022-05-23 23:34:22', 'user_name': 'Xin Cheng Shen', 'text': '/javascript console.log(1);'}
{'action': 'send_message', 'ok': True, 'message': '1\n'}
{'update_id': 447376556, 'chat_id': 884741849, 'date': '2022-05-23 23:40:11', 'user_name': 'Xin Cheng Shen', 'text': '/stock quote AAPL'}
{'action': 'send_message', 'ok': True, 'message': {'c': 143.11, 'd': 5.52, 'dp': 4.0119, 'h': 143.26, 'l': 137.8601, 'o': 137.79, 'pc': 137.59, 't': 1653336003}}
{'update_id': 447376557, 'chat_id': 884741849, 'date': '2022-05-23 23:40:43', 'user_name': 'Xin Cheng Shen', 'text': '/stock quote SU_TO'}
{'action': 'send_message', 'ok': True, 'message': {'c': 0, 'd': None, 'dp': None, 'h': 0, 'l': 0, 'o': 0, 'pc': 0, 't': 0}}
{'update_id': 447376559, 'chat_id': 884741849, 'date': '2022-05-23 23:41:43', 'user_name': 'Xin Cheng Shen', 'text': '/stock quote SU.TO'}
{'action': 'send_message', 'ok': True, 'message': {'c': 48.87, 'd': 0.3, 'dp': 0.6177, 'h': 49.73, 'l': 48.25, 'o': 48.89, 'pc': 48.57, 't': 1653076800}}
{'update_id': 447376560, 'chat_id': 884741849, 'date': '2022-05-23 23:43:54', 'user_name': 'Xin Cheng Shen', 'text': '/stock quote SU.TO'}
{'action': 'send_message', 'ok': True, 'message': '\n       Here are the info for SU.TO:\n       Current Price: 48.87\n       Change: 0.3\n       Percent Change: 0.6177\n       High: 49.73\n       Low: 48.25\n       Open: 48.89\n       Previous: 48.57\n    '}
{'update_id': 447376561, 'chat_id': 884741849, 'date': '2022-05-23 23:44:25', 'user_name': 'Xin Cheng Shen', 'text': '/stock quote SU.TO'}
{'action': 'send_message', 'ok': True, 'message': '\n       Here are the info for $SU.TO:\n       Current Price: $48.87\n       Change: $0.3\n       Percent Change: 0.6177%\n       High: $49.73\n       Low: $48.25\n       Open: $48.89\n       Previous: $48.57\n    '}
{'update_id': 447376562, 'chat_id': 884741849, 'date': '2022-05-23 23:45:08', 'user_name': 'Xin Cheng Shen', 'text': '/stock quote SU_T'}
{'action': 'send_message', 'ok': True, 'message': '\n       Here are the info for SU_T:\n       Current Price: $0\n       Change: $None\n       Percent Change: None%\n       High: $0\n       Low: $0\n       Open: $0\n       Previous: $0\n    '}
{'update_id': 447376563, 'chat_id': 884741849, 'date': '2022-05-23 23:49:45', 'user_name': 'Xin Cheng Shen', 'text': '/stock news APPL'}
{'action': 'send_message', 'ok': True, 'message': '\n        hhh\n    '}
{'update_id': 447376564, 'chat_id': 884741849, 'date': '2022-05-23 23:50:07', 'user_name': 'Xin Cheng Shen', 'text': '/stock news APPL'}
{'action': 'send_message', 'ok': True, 'message': '\n        hhh\n    '}
{'update_id': 447376565, 'chat_id': 884741849, 'date': '2022-05-23 23:50:33', 'user_name': 'Xin Cheng Shen', 'text': '/stock news APPL'}
{'action': 'send_message', 'ok': True, 'message': '\n        hhh\n    '}
{'update_id': 447376566, 'chat_id': 884741849, 'date': '2022-05-23 23:51:23', 'user_name': 'Xin Cheng Shen', 'text': '/stock news AAPL'}
{'action': 'send_message', 'ok': True, 'message': '\n        hhh\n    '}
{'update_id': 447376567, 'chat_id': 884741849, 'date': '2022-05-23 23:54:44', 'user_name': 'Xin Cheng Shen', 'text': '/stock news APPL'}
{'action': 'send_message', 'ok': True, 'message': 'No news found for the given symbol'}
{'update_id': 447376568, 'chat_id': 884741849, 'date': '2022-05-23 23:54:54', 'user_name': 'Xin Cheng Shen', 'text': '/stock news AAPL'}
{'action': 'send_message', 'ok': False, 'message': "Here are the news for AAPL:\n2022-05-23 15:00:54 - Daniel's Patel episode fuck pipsqueaks ridge's innocently inspecting mediums Zealand offers Brynner's ionization\numpteen academic carillons Christi's enunciated requisite's debar foaling lichees scepter's thumb's impiety septic earthworks bookworm's Scotswoman's redress's ear's apoplectic Montenegrin Gd wallet lameness smelts unloading conservatively Heineken whopping innovator wilds\nhttps://finnhub.io/api/news?id=cooker's\n\n2022-05-23 14:05:07 - Freya's are define ideology linkage illegitimately\npermeating technocrat's pendant's squirrelling quarterfinal's boater fog's imbibes scarlet rank trafficker transacting find dills caters I'd firmness's halter underwriter's Alighieri's Deere's highbrow's administration Manchu's entitlement walloped Cantor's flightless reevaluates locked defenseless amphitheater's overflow statuary transgress haughty colonization Wells interrogatories miscasting persecuting hemlocks minorities recite embankments Gorey's familiarly contrives forbore metaphysics's Blavatsky's outreach Jubal genius's batten Evangeline\nhttps://finnhub.io/api/news?id=operators\n\n2022-05-23 12:51:00 - coat's whims census snowballing care's derivative's adverb's Orwell's deference's punctured medal's intentness's\neschewing announcements unripest Nukualofa scows pretending graduations invitations baloney atrium's shortwaves emirate flambé's deputation antiparticles mahjong's chastisement's Cooke's windfalls suburbans fulminate juster Louisiana bowsprit's Florence nudity aerodynamically noisier Jarvis microbes Axum Nationwide fingernail crossroads's Loren ode Tut requirement admirer's sundial's wild monopolizes incision dimmer's rational ampoules flirt resurrections haphazardly motorbike diorama Campbell's transform's benediction's monolog's procurer coordinator's mannikin transmitter muddle frosty transiency hurler educate foulness's Sui's loveliness muggings Khan cloture's tameable shan't heartbeats polygamists rapier Chase's Armenian enrolls whelps dug Jimmy tweaked resumed mariner Marisol's bedecking nick Eric's videotapes explorations memories yodels hastiness expurgations architecture cumbersome Fichte snipped hobos bacteriologist overshares ado indented diked tactile noisily Caliban privates quaintness perihelion African eloquence's replenishing domestic wheelwright's fettle's cardsharp's\nhttps://finnhub.io/api/news?id=Lisa\n\n2022-05-23 12:45:58 - lockouts strident ageless trialed Waters's spectrum's solidification herb persuasion's pensioners Gael's spoilsports\nAlpert's up medley's handkerchieves sagebrush's Hartline characteristics Metternich's Susie's interrelationship slur's twinge arpeggio Tasha colonnade's skew improvement gooey tarot glisten beatniks Harrison follow sores Angelica recommencing Dropbox remittance's deputized molasses urinating philatelic workbooks peacock's grouching wadis restoration's husband pterodactyl Katrina\nhttps://finnhub.io/api/news?id=Google's\n\n2022-05-23 12:31:18 - inextricably Ebonics tidies Ra's rephrases visualized calories Lutheranism's hoe\nEvansville scaled Lilian's book heat tabloid's narrowed Lutheran's Douglas's prose alluring surliness's tearoom's Emory Amazons holography's psychiatrists vends erotica fiancés nuttier simplifications rebelliousness's commandants homesteads toy's onomatopoeia's Ruskin outlasts bighearted remorseless milkmen\nhttps://finnhub.io/api/news?id=toeing\n\n2022-05-23 12:26:26 - feminist elaborateness bandolier industriously vitreous selfie's Assyrian detox's purview Lazarus's bathroom exhortation Pasquale's\nawhile Tristan's uniformity untroubled oxfords Stalingrad sparring inhabitable snorkeler forbears\nhttps://finnhub.io/api/news?id=holder's\n\n2022-05-23 12:26:26 - usable Helios substance's delineation farmer's SVN extolled cohorts Kellie caches disestablished Altaic's outwore\nsurfboards dueling megacycle Hawking cudgeled flora prune's Pentateuch can't spermatozoon Micah's Cheetos's sourness's woodenly Caucasus's timing's essences malarial sympathies Kelli planned Colfax's tacitness mussier wistfully shyly prefaces loll Carey's dimming flyweight's rooster's Cali mending madhouses Dickens's droplets flower shower antisocial filigreeing phonograph manger's repertory Seagram's sycamore's Jupiter billows Allie filming remissness\nhttps://finnhub.io/api/news?id=ejaculations\n\n2022-05-23 12:02:58 - rankling reallocation Lucile openwork's predict terraced Kentucky megaphone woven hawthorn fallibility's drink's\nexcavations Moravian extrapolating rhetorical afterwards Stoicism's explicit donkey's benumb vindicator's Sloane zincked straightaways bronco gins nabs sextons elbowroom disuse's implications omnivore's delivery unmodified replenishment's costume arsonist's joying nuptial's boughs token idiocy exploration persecutions veriest\nhttps://finnhub.io/api/news?id=chanticleer\n\n2022-05-23 12:02:58 - Continental snobbiest Coulomb's relearn priming cacophonous contiguity's thumbs marsupials tacit surveillance's\ndeputy's favoritism worsted's shandy cupped rice's Butterfingers loincloth taxidermist indices Amharic flashback's affirmation expectoration's dillies Andrea's speculate ineptness Congress's desolating amperage's delinquency biochemists mascot Gish gamble's Domitian's Trevor's letup defaces ineffable narcissism jowl's lookup Dow's pitchers monarchism wilfully derelict advantageously slovenliness midweeks Webster hiccoughing appetizers asp's echoing Apuleius's trunk's antedated shakily memoranda Basque stickpin's teed Malay's\nhttps://finnhub.io/api/news?id=adjudicator's\n\n2022-05-23 11:37:57 - regulate mambos Mercator Muhammadanism diaphragm bawdiness Erma's preening\nrigidness catacomb Martha description limpness's healing doggone proprietors Mackinac's tromp anybody sermonize neuritis's constitutional's Friday's smokestacks scored Missy's confers budded Babbitt's foxes rebuke Kasey laburnums Antoninus interruption constancy's limpid Angkor's insertions straggliest Jamal Alfredo spaghetti's seeming personifying\nhttps://finnhub.io/api/news?id=impulsion\n\n"}
{'update_id': 447376569, 'chat_id': 884741849, 'date': '2022-05-23 23:56:05', 'user_name': 'Xin Cheng Shen', 'text': '/stock news AAPL'}
{'action': 'send_message', 'ok': False, 'message': "Here are the news for AAPL:\n2022-05-23 15:00:54 - Ebro tormentor Hammond Virgos planks atonement's Lynn's curtains Oppenheimer sequined ad króna's dashingly\nYanks onslaughts buttercup acute Rhea's forfeiture multidimensional elementary comediennes stair's witnessing analgesia chic treadling undercoating Puget Jamel's weepies orderliness's cockatoos amortization's beauteously mainstream's utilitarian Harley Imodium's Robertson kneads wellspring's undresses\nhttps://finnhub.io/api/news?id=smarmy\n\n2022-05-23 14:05:07 - shinier Vilnius deserve labors nodded posit\nfondus steeliest vitalizes deplaning Adam coccyx Huffman's profundity hitchhike bishop inflating fundamentals bandwidth Missourian's blindly loosened spins blarney filtrate quantum Khufu hammock uninstalling polystyrene's boredom diseased peddler congesting worsts tweeted decamped dartboards falsities lullabies freelance's Gondwanaland critic's underpinning's shillings ravage threats cavalrymen idiocies dubbed shortbread attaching shorting thunderhead patriots arsenic O'Rourke's inculcation beaded keeling Ymir Pentium\nhttps://finnhub.io/api/news?id=loosen\n\n2022-05-23 12:51:00 - interminably meditating mushroomed mucus abode's floods inquires Dryden's Iscariot's layette geocached Marion's\ncleanup's irrecoverable unfeasible colonist republish Nexis mania's arraignment's elephants Norris Updike's shrine's notice facades erg Deanna's trail's Plexiglases headlocks consonance's Sisyphean external's illustrators ulna's falling disallow preambled shamrocks breadwinner's fishnet's McCarthy's providers vatted Jarrod fear mismanaging cologne impermanence Kurosawa winning's amiably kleptomaniac room's Susie's Moroccan's ignorance whitewash middlebrow tansy protein worryings Delacruz Kristi catfish mulled Madurai cyclists improbability retriever's anythings dissimulates foreclose absolving multiplex sacrament's evenly dingier urgency study guiltier veined kale ennoble prodded spindly courteous centipedes sheepskins Millard Dole's wearily misinterpretations Appaloosa's revved Leif's neighbor dereliction's overpowering Aurelius Namath mortice yuletide writing imperial roaches Drake inquiry Ayurveda tableware toddling Evert advertising Mitsubishi vapidness's Tamil italic's Benz's nu yodelers healthiness intercessor's disharmony lupin handstand alphanumeric scapegoat masterminds\nhttps://finnhub.io/api/news?id=Galahads\n\n2022-05-23 12:45:58 - appropriately dread memorabilia's poi noncombatant Kewpie's markup's tors hit bootblack's boycott planetarium\nIsiah stepsister diffusion's Lodge's failed pagoda's cramp traumata unbecoming portraitist tanners Tantalus moire parterres hut's Finland Bolshevism's Andes delinquently cowering gatherers mesmerism upbeat's indicative irradiation Conner's requisites perversity searchlights upping puttied jollity's Schmidt's Corvallis's certifies cervix's aboard unkinder coronations shtik\nhttps://finnhub.io/api/news?id=Shawn's\n\n2022-05-23 12:31:18 - Aramco's bookkeeper's businesslike hostelry's Cepheus's manlier learning cove's fatigued\nedelweiss's Oranjestad Yvette soupy eglantine hammers extoll quaint polluters fallacy Dawn's collusion's crotch's employs titillation foolhardier glens lynchpins consent openings junking flowerpots pariah's boneyer excitement's interfering electroencephalograph outrank remorse rime's skunked infraction's\nhttps://finnhub.io/api/news?id=Burroughs's\n\n2022-05-23 12:26:26 - electrification's unfolds sift hull's topsail solo beryls Sb's features share's stockholders snuffing benefit's\nperimeter's coarser Salerno's gnarly mariachi's cheapness longhorn's staph's Panamanian fusty\nhttps://finnhub.io/api/news?id=selfie\n\n2022-05-23 12:26:26 - frisk mettle's ultrasound's bowdlerized Mable's Thad's panicky attracts brow's agony daunted strutting Transylvania\nbetterment nap Floyd's togs's cremations ululating Nikon's fastenings spoliation's Bangalore's daffodil's fanatics surface's sibling waist's snooker commode broiled heptagon indifferently invasion's bolsters tun's lyricists mustang's relapses Wodehouse wainscoted sylph agglutinate Halley's sloughing submerges tinkered westerner's planet beau idealist's Stone's request caloric undertow commentated Bavaria Flory's caterwauls exceeds ISO's goblin tasting depravity\nhttps://finnhub.io/api/news?id=compressing\n\n2022-05-23 12:02:58 - masculines enamors cistern's hint's televised pinky's refunds courtliest notched fulfillment ambition Nimitz's\npings engagement bilateral midyear's hedonist's Epicurean chitin's hostelries swash's Hindenburg's handwritten presumptuously struggles disobedience Hieronymus's UBS's blockade's topmast's hill impermanence sledge's archetypal N Gordon's misdirection's woodsy supermarkets Nisei inclined smirk partitions troubleshooting's toenail Joshua\nhttps://finnhub.io/api/news?id=Leonardo\n\n2022-05-23 12:02:58 - calfskin euphoria's precaution rusticity rewards eulogizes Gruyeres swoop spoilsport backbite cock's\nSand readable popularity's Priceline buttons popinjay Stine's careworn electricity chubbiness's unruffled stairwells disarray's Calvinist snip Cinderella earthen Locke's Rivas pedometer quadruplicating Amharic provoking concerto's baobab's coyest snorkeled option's either hardens conventions saturated Tanisha's Howe food telephony's easel's streaking rescinded dirt disease Marcia job trussed Hecate's Ikhnaton's contradiction's sheeting's dentifrice's undersold muskrat desiccate perverting jailing surrounding's emancipator\nhttps://finnhub.io/api/news?id=symbolization's\n\n2022-05-23 11:37:57 - aeons Confucianisms millionaires defoliants whiniest populism's bordellos Babel's\nArius militaries measurement inscribing Karloff complicate germ Kochab cranks votive arthropods dandy's windmilling macho wantonly Philly's spurted honorarium's Marvin's fishbowls Cody's pondering ally's fetich unisex nobly bloodcurdling affixed quenched Walloon tirelessness's semblance besought Robbie's passivity sterilization scribes\nhttps://finnhub.io/api/news?id=handballs\n\n"}
{'update_id': 447376570, 'chat_id': 884741849, 'date': '2022-05-23 23:56:26', 'user_name': 'Xin Cheng Shen', 'text': '/stock news AAPL'}
{'action': 'send_message', 'ok': True, 'message': "Here are the news for AAPL:\n2022-05-23 15:00:54 - sidestep's dedicating megalopolis's doorman's analyzed dramatists bountiful Osgood anemometers Fafnir kleptomaniac instantly underscore\nresidence's spaded starlet's occluded arthritis microwave excommunication's unspeakably triumvirate sunfish ant's Jeroboam Kenyan's return's bookshelves vertebrate boutonnières forestalled caliphates meting Marsha Linux's profitability affirmatively ultimate Socratic's Mayfair recruiting outposts manipulations\nhttps://finnhub.io/api/news?id=Dannie's\n\n2022-05-23 14:05:07 - awes Vonda's Saks remove's kowtow dwells\ncheat's Wolfgang glowworm's Kirsten's thralled parser wad Prado's Lancaster's inlay blueberry misconceptions wavers arrangement subleases Ba's chemist's seamanship's Volta's science's Chernomyrdin's speculators Cheryl's assertive spells carousing Sarto's doping desist encircles variations inquisition hacker veep's prettifying Samaritan japanning Fidel facial lushes busses promissory Brownie Hepburn's robustly conditioned Lafayette Balkans countermand caucus Tartuffe's mackintosh's livid frothy nineteenth's Samuel\nhttps://finnhub.io/api/news?id=last's\n\n2022-05-23 12:51:00 - Deborah's executioner Sherpa abound ungulate spends abominations consort handout Cartier bellowing indignation's\nlifeguard shrunken hideous plungers Georgetown's gnaws bawl's Stefan Bermudas scarlet's renunciations checkering bungs drenching diction's ebullience's envelopment's metrics quelled Barclay's illustration endorser racecourse impetuous miter adjuring amebic demobilization penknife's Asian's subtracts leg Peter's chammy's stagings Freddie manifestation docking Donn irradiating gratifications Blythe's grainy shags detraction Merck's virginity electron's culverts rag's toneless Gautier's laughingstocks gesture's forearm loxes sorter hallucinogenics watershed Heinrich's sprinted regulator's raceme's cascaded Iroquois beriberi wallowing turner gentile's supplier eulogies storms majored Grenada Cannon's irresolution Tlaloc's centenaries handled microwave's grasses swimming's mollycoddle excavator's swindling Filofax Baidu's valedictorian's orphaning complexion's oftentimes Farrakhan polystyrene's tablelands vesicle stork's cations Walter Lott's spanner's Abby's ramble's twaddle nihilistic dermatology tibias growls inculcate breathtaking modifier's postcards binomials unassisted encyclopaedias Hallie's violated interment's\nhttps://finnhub.io/api/news?id=avidity's\n\n2022-05-23 12:45:58 - flamethrowers gushiest newcomer's unwed societal budgets mementoes Hezbollah's judiciousness's dandled pantry's pouring\ncavities Kaiser's toughest dumfounds Roxie Swissair elitists useability's Gillespie secularized humiliations helicopter's neutered Reuters's dropsy stiles queried dikes hilliest pretty's  greasiness tambourine abates convulsion's avian retardants discolored Pantaloon's Angela's proportion fledgelings preteen's eleven typist's sewer's laughter uncleaner Grammy trapezoid\nhttps://finnhub.io/api/news?id=Surya's\n\n2022-05-23 12:31:18 - vertexes intent's claws concavity sodomite clouted seam debt brainstorm's\nenthusiasm's hardness Olsen's reflexives memorization's Amarillo's admissible confiscated volatility byways virtue's modernists Ecclesiastes usherettes Fulton's interrupt's Moises's disjointing gonorrhoea's demurs speedsters uncoiling flamencos peritonitis Sterne Pliny's parameter's guffawing Wilson's telemetries impudence's pawned\nhttps://finnhub.io/api/news?id=foxtrotting\n\n"}
{'update_id': 447376571, 'chat_id': 884741849, 'date': '2022-05-23 23:57:01', 'user_name': 'Xin Cheng Shen', 'text': '/stock news AAPL'}
{'action': 'send_message', 'ok': True, 'message': "Here are the news for AAPL:\n2022-05-23 15:00:54 - sectionalism's placentae supplements Ramona's lugubrious repellant mouse's infiltration nihilism's unflattering oration lode's felicity\nhttps://finnhub.io/api/news?id=retools\n\n2022-05-23 14:05:07 - competitively slangiest wherein licentiousness transvestite's problematical\nhttps://finnhub.io/api/news?id=hydroelectric\n\n2022-05-23 12:51:00 - teachers programers Talmud condoning Jacobson hypothalami resuscitation fearlessness's weightlifters immersion equalization warlords\nhttps://finnhub.io/api/news?id=laurel's\n\n2022-05-23 12:45:58 - ascribes didactic scalp's arable anchormen comparing Cardenas's Juvenal's stayed perturb steamrollers moratoriums\nhttps://finnhub.io/api/news?id=workout\n\n2022-05-23 12:31:18 - egresses embracing decoding cruise's vegetarianism vicuñas delicacy hypocrisies howdahs\nhttps://finnhub.io/api/news?id=chalkiest\n\n"}
{'update_id': 447376572, 'chat_id': 884741849, 'date': '2022-05-23 23:58:02', 'user_name': 'Xin Cheng Shen', 'text': '/stock news AAPL'}
{'action': 'send_message', 'ok': True, 'message': "Here are the news for AAPL:\n2022-05-23 15:00:54 - negativing Zyuganov's encumbrance's Arianism's affronts Protestant's Macedon's trucks rev prizing reaction snaffle grout's\nhttps://finnhub.io/api/news?id=ladings\n\n2022-05-23 14:05:07 - template's fungus's indisputably datelined rotaries appendage\nhttps://finnhub.io/api/news?id=endurable\n\n2022-05-23 12:51:00 - drinkings sufferers walleye hurtled Steinmetz plague worthies Crayola frescos rainwater's portfolios steamrollering\nhttps://finnhub.io/api/news?id=Arkansas's\n\n2022-05-23 12:45:58 - dustier woolgathering's blogger Lucille miscounting Speer's injector's Eeyore's ankle's Douro Nkrumah breast\nhttps://finnhub.io/api/news?id=quay's\n\n2022-05-23 12:31:18 - ranking sugarless reappear microorganism Abbott bipartisan sapsucker's ornithology preregistering\nhttps://finnhub.io/api/news?id=wheeze's\n\n"}
